Unity Editor version:    2020.3.34f1 (9a4c9c70452b)
Branch:                  2020.3/release
Build type:              Release
Batch mode:              YES
macOS version:           Version 12.1 (Build 21C52)
Darwin version:          21.2.0
Architecture:            x86_64
Running under Rosetta:   NO
Available memory:        8192 MB
Using pre-set license
Pro License: NO

COMMAND LINE ARGUMENTS:
/Applications/Unity/Hub/Editor/2020.3.34f1/Unity.app/Contents/MacOS/Unity
-adb2
-batchMode
-noUpm
-name
AssetImportWorker0
-projectPath
/Users/jayqian/Downloads/CS4455/TeamProject/vgd-6457/demo
-logFile
Logs/AssetImportWorker0.log
-srvPort
53291
Successfully changed project path to: /Users/jayqian/Downloads/CS4455/TeamProject/vgd-6457/demo
/Users/jayqian/Downloads/CS4455/TeamProject/vgd-6457/demo
Using Asset Import Pipeline V2.
Refreshing native plugins compatible for Editor in 188.61 ms, found 2 plugins.
Preloading 0 native plugins for Editor in 0.00 ms.
Initialize engine version: 2020.3.34f1 (9a4c9c70452b)
[Subsystems] Discovering subsystems at path /Applications/Unity/Hub/Editor/2020.3.34f1/Unity.app/Contents/Resources/UnitySubsystems
[Subsystems] Discovering subsystems at path /Users/jayqian/Downloads/CS4455/TeamProject/vgd-6457/demo/Assets
GfxDevice: creating device client; threaded=0
2022-07-31 17:32:13.054 Unity[14643:337816] Color LCD preferred device: Intel(R) Iris(TM) Plus Graphics 655 (low power)
2022-07-31 17:32:13.054 Unity[14643:337816] Metal devices available: 1
2022-07-31 17:32:13.054 Unity[14643:337816] 0: Intel(R) Iris(TM) Plus Graphics 655 (low power)
2022-07-31 17:32:13.055 Unity[14643:337816] Using device Intel(R) Iris(TM) Plus Graphics 655 (low power)
Initializing Metal device caps: Intel(R) Iris(TM) Plus Graphics 655
Initialize mono
Mono path[0] = '/Applications/Unity/Hub/Editor/2020.3.34f1/Unity.app/Contents/Managed'
Mono path[1] = '/Applications/Unity/Hub/Editor/2020.3.34f1/Unity.app/Contents/MonoBleedingEdge/lib/mono/unityjit'
Mono config path = '/Applications/Unity/Hub/Editor/2020.3.34f1/Unity.app/Contents/MonoBleedingEdge/etc'
Using monoOptions --debugger-agent=transport=dt_socket,embedding=1,server=y,suspend=n,address=127.0.0.1:56643
Begin MonoManager ReloadAssembly
Registering precompiled unity dll's ...
Register platform support module: /Applications/Unity/Hub/Editor/2020.3.34f1/Unity.app/Contents/PlaybackEngines/MacStandaloneSupport/UnityEditor.OSXStandalone.Extensions.dll
Register platform support module: /Applications/Unity/Hub/Editor/2020.3.34f1/PlaybackEngines/WindowsStandaloneSupport/UnityEditor.WindowsStandalone.Extensions.dll
Registered in 0.003856 seconds.
Native extension for WindowsStandalone target not found
Native extension for OSXStandalone target not found
Refreshing native plugins compatible for Editor in 165.97 ms, found 2 plugins.
Preloading 0 native plugins for Editor in 0.00 ms.
Mono: successfully reloaded assembly
- Completed reload, in  0.903 seconds
Domain Reload Profiling:
	ReloadAssembly (903ms)
		BeginReloadAssembly (103ms)
			ExecutionOrderSort (0ms)
			DisableScriptedObjects (0ms)
			BackupInstance (0ms)
			ReleaseScriptingObjects (0ms)
			CreateAndSetChildDomain (1ms)
		EndReloadAssembly (705ms)
			LoadAssemblies (105ms)
			RebuildTransferFunctionScriptingTraits (0ms)
			SetupTypeCache (218ms)
			ReleaseScriptCaches (0ms)
			RebuildScriptCaches (41ms)
			SetupLoadedEditorAssemblies (340ms)
				LogAssemblyErrors (0ms)
				InitializePlatformSupportModulesInManaged (5ms)
				SetLoadedEditorAssemblies (0ms)
				RefreshPlugins (166ms)
				BeforeProcessingInitializeOnLoad (9ms)
				ProcessInitializeOnLoadAttributes (123ms)
				ProcessInitializeOnLoadMethodAttributes (37ms)
				AfterProcessingInitializeOnLoad (0ms)
				EditorAssembliesLoaded (0ms)
			ExecutionOrderSort2 (0ms)
			AwakeInstancesAfterBackupRestoration (0ms)
Platform modules already initialized, skipping
Registering precompiled user dll's ...
Registered in 0.003469 seconds.
Begin MonoManager ReloadAssembly
Symbol file LoadedFromMemory doesn't match image /Users/jayqian/Downloads/CS4455/TeamProject/vgd-6457/demo/Library/PackageCache/com.unity.visualscripting@1.7.6/Editor/VisualScripting.Core/Dependencies/YamlDotNet/Unity.VisualScripting.YamlDotNet.dll
Symbol file LoadedFromMemory doesn't match image /Users/jayqian/Downloads/CS4455/TeamProject/vgd-6457/demo/Library/PackageCache/com.unity.visualscripting@1.7.6/Editor/VisualScripting.Core/Dependencies/DotNetZip/Unity.VisualScripting.IonicZip.dll
Native extension for WindowsStandalone target not found
Native extension for OSXStandalone target not found
Refreshing native plugins compatible for Editor in 286.49 ms, found 2 plugins.
Preloading 0 native plugins for Editor in 0.00 ms.
Mono: successfully reloaded assembly
- Completed reload, in  2.589 seconds
Domain Reload Profiling:
	ReloadAssembly (2591ms)
		BeginReloadAssembly (172ms)
			ExecutionOrderSort (0ms)
			DisableScriptedObjects (6ms)
			BackupInstance (0ms)
			ReleaseScriptingObjects (0ms)
			CreateAndSetChildDomain (26ms)
		EndReloadAssembly (2346ms)
			LoadAssemblies (172ms)
			RebuildTransferFunctionScriptingTraits (0ms)
			SetupTypeCache (702ms)
			ReleaseScriptCaches (1ms)
			RebuildScriptCaches (109ms)
			SetupLoadedEditorAssemblies (1177ms)
				LogAssemblyErrors (0ms)
				InitializePlatformSupportModulesInManaged (7ms)
				SetLoadedEditorAssemblies (0ms)
				RefreshPlugins (287ms)
				BeforeProcessingInitializeOnLoad (163ms)
				ProcessInitializeOnLoadAttributes (562ms)
				ProcessInitializeOnLoadMethodAttributes (156ms)
				AfterProcessingInitializeOnLoad (2ms)
				EditorAssembliesLoaded (0ms)
			ExecutionOrderSort2 (0ms)
			AwakeInstancesAfterBackupRestoration (2ms)
Platform modules already initialized, skipping
Validating Project structure ... 0.034721 seconds.
Shader import version has changed; will reimport all shaders...
Upgrading shader files ...0.084479 seconds.
Application.AssetDatabase Initial Script Refresh Start
RefreshInfo: InitialScriptRefreshV2(NoUpdateAssetOptions) scanfilter:  ... 1 filters
RefreshProfiler: Total: 0.000ms
Application.AssetDatabase Initial Script Refresh End
Application.AssetDatabase.Refresh Start
Application.AssetDatabase.Refresh End
RefreshInfo: StopAssetImportingV2(ForceSynchronousImport) scanfilter: 
RefreshProfiler: Total: 0.000ms
Launching external process: /Applications/Unity/Hub/Editor/2020.3.34f1/Unity.app/Contents/Tools/UnityShaderCompiler
Launched and connected shader compiler UnityShaderCompiler after 0.01 seconds
Initializing Unity extensions:
2022-07-31 17:32:20.870 Unity[14643:337816] NSEventModifierFlagFunction specified to -setKeyEquivalentModifierMask: for item <NSMenuItem: 0x600003072450 Font Asset, ke='Command-F12'>, but is only supported for system-provided menu items; will not be used
2022-07-31 17:32:20.875 Unity[14643:337816] NSEventModifierFlagFunction specified to -setKeyEquivalentModifierMask: for item <NSMenuItem: 0x60000305ad10 Font Asset, ke='Command-F12'>, but is only supported for system-provided menu items; will not be used
========================================================================
Worker process is ready to serve import requests
Refreshing native plugins compatible for Editor in 1.23 ms, found 2 plugins.
Preloading 0 native plugins for Editor in 0.00 ms.
Unloading 5133 Unused Serialized files (Serialized files now loaded: 0)
System memory in use before: 366.7 MB.
System memory in use after: 366.2 MB.

Unloading 357 unused Assets to reduce memory usage. Loaded Objects now: 5615.
Total: 5.556616 ms (FindLiveObjects: 0.444125 ms CreateObjectMapping: 0.314293 ms MarkObjects: 3.986049 ms  DeleteObjects: 0.811270 ms)

AssetImportParameters requested are different than current active one (requested -> active):
  custom:video-decoder-ogg-theora: a1e56fd34408186e4bbccfd4996cb3dc -> 
  custom:container-muxer-webm: aa71ff27fc2769a1b78a27578f13a17b -> 
  custom:container-demuxer-webm: 4f35f7cbe854078d1ac9338744f61a02 -> 
  custom:container-demuxer-ogg: 62fdf1f143b41e24485cea50d1cbac27 -> 
  custom:video-encoder-webm-vp8: eb34c28f22e8b96e1ab97ce403110664 -> 
  custom:framework-osx-AVFoundation: e770b220cccbd017edd2c1fefb359320 -> 
  custom:video-decoder-webm-vp8: 9c59270c3fd7afecdb556c50c9e8de78 -> 
  custom:audio-decoder-ogg-vorbis: bf7c407c2cedff20999df2af8eb42d56 -> 
  custom:audio-encoder-webm-vorbis: bf7c407c2cedff20999df2af8eb42d56 -> 
========================================================================
Received Import Request.
  path: Assets/Scenes
  artifactKey: Guid(5d8e53d494532659e9b4680a2c06d7ca) Importer(815301076,1909f56bfc062723c751e8b465ee728b)
Start importing Assets/Scenes using Guid(5d8e53d494532659e9b4680a2c06d7ca) Importer(815301076,1909f56bfc062723c751e8b465ee728b)  -> (artifact id: '78a3e7ea854f48d27c7e9bee4d992513') in 0.010423 seconds 
========================================================================
Received Import Request.
  Time since last request: 607.113728 seconds.
  path: Assets/Scenes/MenuScene.unity
  artifactKey: Guid(e5cd572d234d54560a1abc121945b07a) Importer(815301076,1909f56bfc062723c751e8b465ee728b)
Start importing Assets/Scenes/MenuScene.unity using Guid(e5cd572d234d54560a1abc121945b07a) Importer(815301076,1909f56bfc062723c751e8b465ee728b)  -> (artifact id: 'a43b97140d5b2a8d1c708482c5bf45f4') in 0.008942 seconds 
========================================================================
Received Import Request.
  Time since last request: 250.389237 seconds.
  path: Assets/Scenes/SampleScene.unity
  artifactKey: Guid(99c9720ab356a0642a771bea13969a05) Importer(815301076,1909f56bfc062723c751e8b465ee728b)
Start importing Assets/Scenes/SampleScene.unity using Guid(99c9720ab356a0642a771bea13969a05) Importer(815301076,1909f56bfc062723c751e8b465ee728b)  -> (artifact id: '1c101eb775f005f09ed8c38a796080c3') in 0.004673 seconds 
========================================================================
Received Import Request.
  Time since last request: 179.355703 seconds.
  path: Assets/Scenes/GameMenu.unity
  artifactKey: Guid(69832232329e14a848bb5a01f11e7ed5) Importer(815301076,1909f56bfc062723c751e8b465ee728b)
Start importing Assets/Scenes/GameMenu.unity using Guid(69832232329e14a848bb5a01f11e7ed5) Importer(815301076,1909f56bfc062723c751e8b465ee728b)  -> (artifact id: '0826601a987aca6c5dc467724685bed2') in 0.003579 seconds 
========================================================================
Received Import Request.
  Time since last request: 149.370874 seconds.
  path: Assets/GameMenuImage/StartingBackground.png
  artifactKey: Guid(90182c4c54fba48a3944ba0f85833b9e) Importer(815301076,1909f56bfc062723c751e8b465ee728b)
Start importing Assets/GameMenuImage/StartingBackground.png using Guid(90182c4c54fba48a3944ba0f85833b9e) Importer(815301076,1909f56bfc062723c751e8b465ee728b)  -> (artifact id: 'fd9766b702d5cee1ef590dd8c47fbc73') in 0.898926 seconds 
========================================================================
Received Import Request.
  Time since last request: 759.761360 seconds.
  path: Assets/GameMenuImage/StartingBackground.png
  artifactKey: Guid(90182c4c54fba48a3944ba0f85833b9e) Importer(815301076,1909f56bfc062723c751e8b465ee728b)
Start importing Assets/GameMenuImage/StartingBackground.png using Guid(90182c4c54fba48a3944ba0f85833b9e) Importer(815301076,1909f56bfc062723c751e8b465ee728b)  -> (artifact id: '20c61d122faf844a5a7594fcc0dd7c77') in 0.171193 seconds 
========================================================================
Received Import Request.
  Time since last request: 213.044567 seconds.
  path: Assets/Scenes/Level1/NavMesh.asset
  artifactKey: Guid(5f891cd7404844f398ec07466a8be374) Importer(815301076,1909f56bfc062723c751e8b465ee728b)
Start importing Assets/Scenes/Level1/NavMesh.asset using Guid(5f891cd7404844f398ec07466a8be374) Importer(815301076,1909f56bfc062723c751e8b465ee728b)  -> (artifact id: '077d205deb75acd9802693d5a4db246c') in 0.163858 seconds 
========================================================================
Received Import Request.
  Time since last request: 1.625851 seconds.
  path: Assets/Scenes/SampleScene/NavMesh.asset
  artifactKey: Guid(18b69a30879e54af6b190a9a9d0c3dbd) Importer(815301076,1909f56bfc062723c751e8b465ee728b)
Start importing Assets/Scenes/SampleScene/NavMesh.asset using Guid(18b69a30879e54af6b190a9a9d0c3dbd) Importer(815301076,1909f56bfc062723c751e8b465ee728b)  -> (artifact id: '01737082e95cb0910620ffb26e7aed29') in 0.005431 seconds 
