Unity Editor version:    2020.3.34f1 (9a4c9c70452b)
Branch:                  2020.3/release
Build type:              Release
Batch mode:              YES
macOS version:           Version 12.4 (Build 21F79)
Darwin version:          21.5.0
Architecture:            x86_64
Running under Rosetta:   YES
Available memory:        16384 MB
Using pre-set license
Pro License: NO

COMMAND LINE ARGUMENTS:
/Applications/Unity/Hub/Editor/2020.3.34f1/Unity.app/Contents/MacOS/Unity
-adb2
-batchMode
-noUpm
-name
AssetImportWorker0
-projectPath
/Users/yalinisenthilkumar/Desktop/Desktop/vgd-6457/demo
-logFile
Logs/AssetImportWorker0.log
-srvPort
59099
Successfully changed project path to: /Users/yalinisenthilkumar/Desktop/Desktop/vgd-6457/demo
/Users/yalinisenthilkumar/Desktop/Desktop/vgd-6457/demo
Using Asset Import Pipeline V2.
Refreshing native plugins compatible for Editor in 135.59 ms, found 2 plugins.
Preloading 0 native plugins for Editor in 0.00 ms.
Initialize engine version: 2020.3.34f1 (9a4c9c70452b)
[Subsystems] Discovering subsystems at path /Applications/Unity/Hub/Editor/2020.3.34f1/Unity.app/Contents/Resources/UnitySubsystems
[Subsystems] Discovering subsystems at path /Users/yalinisenthilkumar/Desktop/Desktop/vgd-6457/demo/Assets
GfxDevice: creating device client; threaded=0
2022-07-06 22:26:00.951 Unity[62546:2885299] (null) preferred device: Apple M1 Pro (high power)
2022-07-06 22:26:00.951 Unity[62546:2885299] Metal devices available: 1
2022-07-06 22:26:00.951 Unity[62546:2885299] 0: Apple M1 Pro (high power)
2022-07-06 22:26:00.951 Unity[62546:2885299] Using device Apple M1 Pro (high power)
Initializing Metal device caps: Apple M1 Pro
Initialize mono
Mono path[0] = '/Applications/Unity/Hub/Editor/2020.3.34f1/Unity.app/Contents/Managed'
Mono path[1] = '/Applications/Unity/Hub/Editor/2020.3.34f1/Unity.app/Contents/MonoBleedingEdge/lib/mono/unityjit'
Mono config path = '/Applications/Unity/Hub/Editor/2020.3.34f1/Unity.app/Contents/MonoBleedingEdge/etc'
Using monoOptions --debugger-agent=transport=dt_socket,embedding=1,server=y,suspend=n,address=127.0.0.1:56546
Begin MonoManager ReloadAssembly
Registering precompiled unity dll's ...
Register platform support module: /Applications/Unity/Hub/Editor/2020.3.34f1/Unity.app/Contents/PlaybackEngines/MacStandaloneSupport/UnityEditor.OSXStandalone.Extensions.dll
Register platform support module: /Applications/Unity/Hub/Editor/2020.3.34f1/PlaybackEngines/WindowsStandaloneSupport/UnityEditor.WindowsStandalone.Extensions.dll
Registered in 0.000370 seconds.
Native extension for WindowsStandalone target not found
Native extension for OSXStandalone target not found
Refreshing native plugins compatible for Editor in 135.89 ms, found 2 plugins.
Preloading 0 native plugins for Editor in 0.00 ms.
Mono: successfully reloaded assembly
- Completed reload, in  1.128 seconds
Domain Reload Profiling:
	ReloadAssembly (1128ms)
		BeginReloadAssembly (65ms)
			ExecutionOrderSort (0ms)
			DisableScriptedObjects (0ms)
			BackupInstance (0ms)
			ReleaseScriptingObjects (0ms)
			CreateAndSetChildDomain (2ms)
		EndReloadAssembly (955ms)
			LoadAssemblies (63ms)
			RebuildTransferFunctionScriptingTraits (0ms)
			SetupTypeCache (170ms)
			ReleaseScriptCaches (0ms)
			RebuildScriptCaches (38ms)
			SetupLoadedEditorAssemblies (515ms)
				LogAssemblyErrors (0ms)
				InitializePlatformSupportModulesInManaged (11ms)
				SetLoadedEditorAssemblies (0ms)
				RefreshPlugins (136ms)
				BeforeProcessingInitializeOnLoad (19ms)
				ProcessInitializeOnLoadAttributes (264ms)
				ProcessInitializeOnLoadMethodAttributes (83ms)
				AfterProcessingInitializeOnLoad (0ms)
				EditorAssembliesLoaded (1ms)
			ExecutionOrderSort2 (0ms)
			AwakeInstancesAfterBackupRestoration (0ms)
Platform modules already initialized, skipping
Registering precompiled user dll's ...
Registered in 0.001851 seconds.
Begin MonoManager ReloadAssembly
Symbol file LoadedFromMemory doesn't match image /Users/yalinisenthilkumar/Desktop/Desktop/vgd-6457/demo/Library/PackageCache/com.unity.visualscripting@1.7.6/Editor/VisualScripting.Core/Dependencies/YamlDotNet/Unity.VisualScripting.YamlDotNet.dll
Symbol file LoadedFromMemory doesn't match image /Users/yalinisenthilkumar/Desktop/Desktop/vgd-6457/demo/Library/PackageCache/com.unity.visualscripting@1.7.6/Editor/VisualScripting.Core/Dependencies/DotNetZip/Unity.VisualScripting.IonicZip.dll
Native extension for WindowsStandalone target not found
Native extension for OSXStandalone target not found
Refreshing native plugins compatible for Editor in 140.40 ms, found 2 plugins.
Preloading 0 native plugins for Editor in 0.00 ms.
Mono: successfully reloaded assembly
- Completed reload, in  2.476 seconds
Domain Reload Profiling:
	ReloadAssembly (2478ms)
		BeginReloadAssembly (212ms)
			ExecutionOrderSort (0ms)
			DisableScriptedObjects (28ms)
			BackupInstance (0ms)
			ReleaseScriptingObjects (0ms)
			CreateAndSetChildDomain (30ms)
		EndReloadAssembly (2180ms)
			LoadAssemblies (136ms)
			RebuildTransferFunctionScriptingTraits (0ms)
			SetupTypeCache (451ms)
			ReleaseScriptCaches (1ms)
			RebuildScriptCaches (71ms)
			SetupLoadedEditorAssemblies (1282ms)
				LogAssemblyErrors (0ms)
				InitializePlatformSupportModulesInManaged (10ms)
				SetLoadedEditorAssemblies (0ms)
				RefreshPlugins (140ms)
				BeforeProcessingInitializeOnLoad (150ms)
				ProcessInitializeOnLoadAttributes (865ms)
				ProcessInitializeOnLoadMethodAttributes (116ms)
				AfterProcessingInitializeOnLoad (1ms)
				EditorAssembliesLoaded (0ms)
			ExecutionOrderSort2 (0ms)
			AwakeInstancesAfterBackupRestoration (3ms)
Platform modules already initialized, skipping
Validating Project structure ... 0.019000 seconds.
Shader import version has changed; will reimport all shaders...
Upgrading shader files ...0.045109 seconds.
Application.AssetDatabase Initial Script Refresh Start
RefreshInfo: InitialScriptRefreshV2(NoUpdateAssetOptions) scanfilter:  ... 1 filters
RefreshProfiler: Total: 0.000ms
Application.AssetDatabase Initial Script Refresh End
Application.AssetDatabase.Refresh Start
Application.AssetDatabase.Refresh End
RefreshInfo: StopAssetImportingV2(ForceSynchronousImport) scanfilter: 
RefreshProfiler: Total: 0.000ms
Launching external process: /Applications/Unity/Hub/Editor/2020.3.34f1/Unity.app/Contents/Tools/UnityShaderCompiler
Launched and connected shader compiler UnityShaderCompiler after 0.02 seconds
Initializing Unity extensions:
2022-07-06 22:26:06.947 Unity[62546:2885299] NSEventModifierFlagFunction specified to -setKeyEquivalentModifierMask: for item <NSMenuItem: 0x600001313480 Font Asset, ke='Command-F12'>, but is only supported for system-provided menu items; will not be used
2022-07-06 22:26:06.952 Unity[62546:2885299] NSEventModifierFlagFunction specified to -setKeyEquivalentModifierMask: for item <NSMenuItem: 0x600001335490 Font Asset, ke='Command-F12'>, but is only supported for system-provided menu items; will not be used
========================================================================
Worker process is ready to serve import requests
Refreshing native plugins compatible for Editor in 0.97 ms, found 2 plugins.
Preloading 0 native plugins for Editor in 0.00 ms.
Unloading 5131 Unused Serialized files (Serialized files now loaded: 0)
System memory in use before: 366.9 MB.
System memory in use after: 366.3 MB.

Unloading 355 unused Assets to reduce memory usage. Loaded Objects now: 5612.
Total: 3.540333 ms (FindLiveObjects: 0.271542 ms CreateObjectMapping: 0.183292 ms MarkObjects: 2.445750 ms  DeleteObjects: 0.638792 ms)

AssetImportParameters requested are different than current active one (requested -> active):
  custom:video-decoder-ogg-theora: a1e56fd34408186e4bbccfd4996cb3dc -> 
  custom:container-muxer-webm: aa71ff27fc2769a1b78a27578f13a17b -> 
  custom:container-demuxer-webm: 4f35f7cbe854078d1ac9338744f61a02 -> 
  custom:container-demuxer-ogg: 62fdf1f143b41e24485cea50d1cbac27 -> 
  custom:video-encoder-webm-vp8: eb34c28f22e8b96e1ab97ce403110664 -> 
  custom:framework-osx-AVFoundation: e770b220cccbd017edd2c1fefb359320 -> 
  custom:video-decoder-webm-vp8: 9c59270c3fd7afecdb556c50c9e8de78 -> 
  custom:audio-decoder-ogg-vorbis: bf7c407c2cedff20999df2af8eb42d56 -> 
  custom:audio-encoder-webm-vorbis: bf7c407c2cedff20999df2af8eb42d56 -> 
========================================================================
Received Import Request.
  path: Assets/AnimationControllers/PersonController.controller
  artifactKey: Guid(aa54ed0d4fbf540049de334435989500) Importer(815301076,1909f56bfc062723c751e8b465ee728b)
Start importing Assets/AnimationControllers/PersonController.controller using Guid(aa54ed0d4fbf540049de334435989500) Importer(815301076,1909f56bfc062723c751e8b465ee728b)  -> (artifact id: 'd47d33a4fd8602c9c5c1b6f23ee1ee32') in 0.540561 seconds 
========================================================================
Received Import Request.
  Time since last request: 0.000261 seconds.
  path: Assets/Scripts/CharacterControl/CharacterCommon.cs
  artifactKey: Guid(28a5f1704b99c479aa48a2f03b2653ca) Importer(815301076,1909f56bfc062723c751e8b465ee728b)
Start importing Assets/Scripts/CharacterControl/CharacterCommon.cs using Guid(28a5f1704b99c479aa48a2f03b2653ca) Importer(815301076,1909f56bfc062723c751e8b465ee728b)  -> (artifact id: '9e74a487dc0ed1e6c611765da843f790') in 0.129018 seconds 
========================================================================
Received Import Request.
  Time since last request: 0.000250 seconds.
  path: Assets/Scripts/CharacterControl
  artifactKey: Guid(5e366c6773a5743ddb3db75543e375d6) Importer(815301076,1909f56bfc062723c751e8b465ee728b)
Start importing Assets/Scripts/CharacterControl using Guid(5e366c6773a5743ddb3db75543e375d6) Importer(815301076,1909f56bfc062723c751e8b465ee728b)  -> (artifact id: 'f3c983403bba418578b5ed17c306f392') in 0.000705 seconds 
========================================================================
Received Prepare
Refreshing native plugins compatible for Editor in 3.89 ms, found 2 plugins.
Preloading 0 native plugins for Editor in 0.00 ms.
Unloading 18 Unused Serialized files (Serialized files now loaded: 0)
System memory in use before: 263.5 MB.
System memory in use after: 263.4 MB.

Unloading 18 unused Assets to reduce memory usage. Loaded Objects now: 5612.
Total: 4.258875 ms (FindLiveObjects: 0.249625 ms CreateObjectMapping: 0.135959 ms MarkObjects: 3.461625 ms  DeleteObjects: 0.411125 ms)

AssetImportParameters requested are different than current active one (requested -> active):
  custom:video-decoder-ogg-theora: a1e56fd34408186e4bbccfd4996cb3dc -> 
  custom:container-muxer-webm: aa71ff27fc2769a1b78a27578f13a17b -> 
  custom:container-demuxer-webm: 4f35f7cbe854078d1ac9338744f61a02 -> 
  custom:container-demuxer-ogg: 62fdf1f143b41e24485cea50d1cbac27 -> 
  custom:video-encoder-webm-vp8: eb34c28f22e8b96e1ab97ce403110664 -> 
  custom:framework-osx-AVFoundation: e770b220cccbd017edd2c1fefb359320 -> 
  custom:video-decoder-webm-vp8: 9c59270c3fd7afecdb556c50c9e8de78 -> 
  custom:audio-decoder-ogg-vorbis: bf7c407c2cedff20999df2af8eb42d56 -> 
  custom:audio-encoder-webm-vorbis: bf7c407c2cedff20999df2af8eb42d56 -> 
========================================================================
Received Import Request.
  Time since last request: 48.688953 seconds.
  path: Assets/Scripts/CharacterControl/CharacterManager.cs
  artifactKey: Guid(c5fa8d534ac8a474db72d253021b4ee9) Importer(815301076,1909f56bfc062723c751e8b465ee728b)
Start importing Assets/Scripts/CharacterControl/CharacterManager.cs using Guid(c5fa8d534ac8a474db72d253021b4ee9) Importer(815301076,1909f56bfc062723c751e8b465ee728b)  -> (artifact id: 'becf7c369ef18bb61d01bb4965b54ba8') in 0.001019 seconds 
========================================================================
Received Import Request.
  Time since last request: 1.705326 seconds.
  path: Assets/Scripts/CharacterControl/RootMotionControlScript.cs
  artifactKey: Guid(b7688ae2a775f4c7baef8f572a0397f2) Importer(815301076,1909f56bfc062723c751e8b465ee728b)
Start importing Assets/Scripts/CharacterControl/RootMotionControlScript.cs using Guid(b7688ae2a775f4c7baef8f572a0397f2) Importer(815301076,1909f56bfc062723c751e8b465ee728b)  -> (artifact id: '81de048aa8c2fb38670d85e86612d678') in 0.001630 seconds 
========================================================================
Received Import Request.
  Time since last request: 274.206384 seconds.
  path: Assets/Fire_Hydrant/Materials/Fire_Hydrant.mat
  artifactKey: Guid(582c4e6ed6596d840adb502fc458a2ee) Importer(815301076,1909f56bfc062723c751e8b465ee728b)
Start importing Assets/Fire_Hydrant/Materials/Fire_Hydrant.mat using Guid(582c4e6ed6596d840adb502fc458a2ee) Importer(815301076,1909f56bfc062723c751e8b465ee728b)  -> (artifact id: 'dccd1de3eeb05446fae3e8a71f9d1425') in 0.471186 seconds 
========================================================================
Received Import Request.
  Time since last request: 0.000255 seconds.
  path: Assets/Fire_Hydrant/Materials/hidrant_Difuse_2.mat
  artifactKey: Guid(9f13a07e365af49a08f559dacba07263) Importer(815301076,1909f56bfc062723c751e8b465ee728b)
Start importing Assets/Fire_Hydrant/Materials/hidrant_Difuse_2.mat using Guid(9f13a07e365af49a08f559dacba07263) Importer(815301076,1909f56bfc062723c751e8b465ee728b)  -> (artifact id: '8c57091b7bd4259677357f7bd3daaabf') in 0.028576 seconds 
========================================================================
Received Import Request.
  Time since last request: 1216.473823 seconds.
  path: Assets/Road Blocker/RoadBlocker1.fbx
  artifactKey: Guid(840f418fc59916d4c853194dad6db8ae) Importer(815301076,1909f56bfc062723c751e8b465ee728b)
Start importing Assets/Road Blocker/RoadBlocker1.fbx using Guid(840f418fc59916d4c853194dad6db8ae) Importer(815301076,1909f56bfc062723c751e8b465ee728b)  -> (artifact id: 'c9c67e9f379c1c9bb5617d409007046f') in 0.169273 seconds 
========================================================================
Received Import Request.
  Time since last request: 0.000258 seconds.
  path: Assets/Road Blocker/RoadBlocker2.fbx
  artifactKey: Guid(f2291f59a57ca054e9248a5721e0594b) Importer(815301076,1909f56bfc062723c751e8b465ee728b)
Start importing Assets/Road Blocker/RoadBlocker2.fbx using Guid(f2291f59a57ca054e9248a5721e0594b) Importer(815301076,1909f56bfc062723c751e8b465ee728b)  -> (artifact id: '3703d45c635136e846b44131180cfa7b') in 0.030947 seconds 
========================================================================
Received Import Request.
  Time since last request: 0.000190 seconds.
  path: Assets/Road Blocker/RoadBlocker1_D.tga
  artifactKey: Guid(57f6f40c3961fad4f9b71d7c0afff0d2) Importer(815301076,1909f56bfc062723c751e8b465ee728b)
Start importing Assets/Road Blocker/RoadBlocker1_D.tga using Guid(57f6f40c3961fad4f9b71d7c0afff0d2) Importer(815301076,1909f56bfc062723c751e8b465ee728b)  -> (artifact id: '3d20ddc255b49b76acd6d462a18101e5') in 0.445164 seconds 
========================================================================
Received Import Request.
  Time since last request: 0.000245 seconds.
  path: Assets/Road Blocker/RoadBlocker2_N.tga
  artifactKey: Guid(a80e329fb3e8aa94b895e82c3bc04b6e) Importer(815301076,1909f56bfc062723c751e8b465ee728b)
Start importing Assets/Road Blocker/RoadBlocker2_N.tga using Guid(a80e329fb3e8aa94b895e82c3bc04b6e) Importer(815301076,1909f56bfc062723c751e8b465ee728b)  -> (artifact id: 'c310e98a94665b5d69cd9c4948b71da1') in 0.018455 seconds 
========================================================================
Received Import Request.
  Time since last request: 0.000216 seconds.
  path: Assets/Road Blocker/RoadBlocker1_S.tga
  artifactKey: Guid(9625dde1f82c43244a4f4b234c38e6a4) Importer(815301076,1909f56bfc062723c751e8b465ee728b)
Start importing Assets/Road Blocker/RoadBlocker1_S.tga using Guid(9625dde1f82c43244a4f4b234c38e6a4) Importer(815301076,1909f56bfc062723c751e8b465ee728b)  -> (artifact id: '1feb48cd3050f4c396f0c0e1b3f7f717') in 0.010275 seconds 
========================================================================
Received Import Request.
  Time since last request: 0.000256 seconds.
  path: Assets/Road Blocker/RoadBlocker1.prefab
  artifactKey: Guid(bc024d1aa5e5b8249b9b313bad3aaa3e) Importer(815301076,1909f56bfc062723c751e8b465ee728b)
Start importing Assets/Road Blocker/RoadBlocker1.prefab using Guid(bc024d1aa5e5b8249b9b313bad3aaa3e) Importer(815301076,1909f56bfc062723c751e8b465ee728b)  -> (artifact id: '54620d90b836fd337e974efa91739e1e') in 0.067316 seconds 
========================================================================
Received Import Request.
  Time since last request: 0.000214 seconds.
  path: Assets/Road Blocker/RoadBlocker2_S.tga
  artifactKey: Guid(f524347cb33e9aa4580005a0de58989c) Importer(815301076,1909f56bfc062723c751e8b465ee728b)
Start importing Assets/Road Blocker/RoadBlocker2_S.tga using Guid(f524347cb33e9aa4580005a0de58989c) Importer(815301076,1909f56bfc062723c751e8b465ee728b)  -> (artifact id: 'f937b3aa3a4f91adebcb885ab3cb5632') in 0.011718 seconds 
========================================================================
Received Import Request.
  Time since last request: 0.000262 seconds.
  path: Assets/Road Blocker/RoadBlocker2_D.tga
  artifactKey: Guid(54c1ff3d523354e41ae0afd9573fddb2) Importer(815301076,1909f56bfc062723c751e8b465ee728b)
Start importing Assets/Road Blocker/RoadBlocker2_D.tga using Guid(54c1ff3d523354e41ae0afd9573fddb2) Importer(815301076,1909f56bfc062723c751e8b465ee728b)  -> (artifact id: 'cd4729b181dcdd56ffee7ea9edde750f') in 0.012328 seconds 
========================================================================
Received Import Request.
  Time since last request: 0.000207 seconds.
  path: Assets/Road Blocker/RoadBlocker2.prefab
  artifactKey: Guid(6148a4dd2f4929045a6bc3673a29ec30) Importer(815301076,1909f56bfc062723c751e8b465ee728b)
Start importing Assets/Road Blocker/RoadBlocker2.prefab using Guid(6148a4dd2f4929045a6bc3673a29ec30) Importer(815301076,1909f56bfc062723c751e8b465ee728b)  -> (artifact id: 'c7f8ce300e1bd7bef0f6ba54b29fd819') in 0.012840 seconds 
========================================================================
Received Import Request.
  Time since last request: 0.000229 seconds.
  path: Assets/Road Blocker/RoadBlocker1_N.tga
  artifactKey: Guid(611b973c6c2f7a143adbe6b7eddc00b4) Importer(815301076,1909f56bfc062723c751e8b465ee728b)
Start importing Assets/Road Blocker/RoadBlocker1_N.tga using Guid(611b973c6c2f7a143adbe6b7eddc00b4) Importer(815301076,1909f56bfc062723c751e8b465ee728b)  -> (artifact id: 'be86316a173f311a273c5e6f6659a2a4') in 0.012061 seconds 
========================================================================
Received Import Request.
  Time since last request: 69.884707 seconds.
  path: Assets/Road Blocker/Materials
  artifactKey: Guid(a63069f85d8204d4782aa40e9cbd2090) Importer(815301076,1909f56bfc062723c751e8b465ee728b)
Start importing Assets/Road Blocker/Materials using Guid(a63069f85d8204d4782aa40e9cbd2090) Importer(815301076,1909f56bfc062723c751e8b465ee728b)  -> (artifact id: '279fdb37af475645b46f4d6eebd21bcd') in 0.001126 seconds 
========================================================================
Received Import Request.
  Time since last request: 74.427782 seconds.
  path: Assets/Road Blocker/Materials/RoadBlocker1-Road_sign__AO.tga.mat
  artifactKey: Guid(570d3136b89e88a4098e076fc48918d1) Importer(815301076,1909f56bfc062723c751e8b465ee728b)
Start importing Assets/Road Blocker/Materials/RoadBlocker1-Road_sign__AO.tga.mat using Guid(570d3136b89e88a4098e076fc48918d1) Importer(815301076,1909f56bfc062723c751e8b465ee728b)  -> (artifact id: '33076ff7a7d9e5abd05478a5a8160e8c') in 0.016669 seconds 
========================================================================
Received Import Request.
  Time since last request: 0.000259 seconds.
  path: Assets/Road Blocker/Materials/RoadBlocker1.mat
  artifactKey: Guid(904a6ff1a3b60e5418c2b8cf3c0d5b40) Importer(815301076,1909f56bfc062723c751e8b465ee728b)
Start importing Assets/Road Blocker/Materials/RoadBlocker1.mat using Guid(904a6ff1a3b60e5418c2b8cf3c0d5b40) Importer(815301076,1909f56bfc062723c751e8b465ee728b)  -> (artifact id: '74e21283c869c1c71cfb15674f4c1bcd') in 0.015689 seconds 
========================================================================
Received Import Request.
  Time since last request: 0.000284 seconds.
  path: Assets/Road Blocker/Materials/RoadBlocker2-unnamed.mat
  artifactKey: Guid(0a293cfdfeaaaed42a14cf36cea90271) Importer(815301076,1909f56bfc062723c751e8b465ee728b)
Start importing Assets/Road Blocker/Materials/RoadBlocker2-unnamed.mat using Guid(0a293cfdfeaaaed42a14cf36cea90271) Importer(815301076,1909f56bfc062723c751e8b465ee728b)  -> (artifact id: '335c43a87854aa2a20f128304d6b1587') in 0.012737 seconds 
========================================================================
Received Import Request.
  Time since last request: 0.000278 seconds.
  path: Assets/Road Blocker/Materials/RoadBlocker2.mat
  artifactKey: Guid(389826f64863a2744ad87c4bc64a9f5e) Importer(815301076,1909f56bfc062723c751e8b465ee728b)
Start importing Assets/Road Blocker/Materials/RoadBlocker2.mat using Guid(389826f64863a2744ad87c4bc64a9f5e) Importer(815301076,1909f56bfc062723c751e8b465ee728b)  -> (artifact id: 'b05bee3b88608f3d947ac527ab68dd32') in 0.012314 seconds 
========================================================================
Received Prepare
Registering precompiled user dll's ...
Registered in 0.003792 seconds.
Begin MonoManager ReloadAssembly
Symbol file LoadedFromMemory doesn't match image /Users/yalinisenthilkumar/Desktop/Desktop/vgd-6457/demo/Library/PackageCache/com.unity.visualscripting@1.7.6/Editor/VisualScripting.Core/Dependencies/YamlDotNet/Unity.VisualScripting.YamlDotNet.dll
Symbol file LoadedFromMemory doesn't match image /Users/yalinisenthilkumar/Desktop/Desktop/vgd-6457/demo/Library/PackageCache/com.unity.visualscripting@1.7.6/Editor/VisualScripting.Core/Dependencies/DotNetZip/Unity.VisualScripting.IonicZip.dll
Native extension for WindowsStandalone target not found
Native extension for OSXStandalone target not found
Refreshing native plugins compatible for Editor in 1.09 ms, found 2 plugins.
Preloading 0 native plugins for Editor in 0.00 ms.
2022-07-06 23:02:51.163 Unity[62546:2885299] NSEventModifierFlagFunction specified to -setKeyEquivalentModifierMask: for item <NSMenuItem: 0x6000013c9810 Font Asset, ke='Command-F12'>, but is only supported for system-provided menu items; will not be used
Mono: successfully reloaded assembly
- Completed reload, in  2.534 seconds
Domain Reload Profiling:
	ReloadAssembly (2535ms)
		BeginReloadAssembly (221ms)
			ExecutionOrderSort (0ms)
			DisableScriptedObjects (33ms)
			BackupInstance (0ms)
			ReleaseScriptingObjects (0ms)
			CreateAndSetChildDomain (82ms)
		EndReloadAssembly (2227ms)
			LoadAssemblies (141ms)
			RebuildTransferFunctionScriptingTraits (0ms)
			SetupTypeCache (458ms)
			ReleaseScriptCaches (2ms)
			RebuildScriptCaches (54ms)
			SetupLoadedEditorAssemblies (1119ms)
				LogAssemblyErrors (0ms)
				InitializePlatformSupportModulesInManaged (11ms)
				SetLoadedEditorAssemblies (2ms)
				RefreshPlugins (1ms)
				BeforeProcessingInitializeOnLoad (181ms)
				ProcessInitializeOnLoadAttributes (786ms)
				ProcessInitializeOnLoadMethodAttributes (138ms)
				AfterProcessingInitializeOnLoad (1ms)
				EditorAssembliesLoaded (0ms)
			ExecutionOrderSort2 (0ms)
			AwakeInstancesAfterBackupRestoration (119ms)
Platform modules already initialized, skipping
Refreshing native plugins compatible for Editor in 1.09 ms, found 2 plugins.
Preloading 0 native plugins for Editor in 0.00 ms.
Unloading 4967 Unused Serialized files (Serialized files now loaded: 0)
System memory in use before: 383.4 MB.
System memory in use after: 383.4 MB.

Unloading 22 unused Assets to reduce memory usage. Loaded Objects now: 5706.
Total: 3.509750 ms (FindLiveObjects: 0.252709 ms CreateObjectMapping: 0.144500 ms MarkObjects: 2.629042 ms  DeleteObjects: 0.482750 ms)

AssetImportParameters requested are different than current active one (requested -> active):
  custom:video-decoder-ogg-theora: a1e56fd34408186e4bbccfd4996cb3dc -> 
  custom:container-muxer-webm: aa71ff27fc2769a1b78a27578f13a17b -> 
  custom:container-demuxer-webm: 4f35f7cbe854078d1ac9338744f61a02 -> 
  custom:container-demuxer-ogg: 62fdf1f143b41e24485cea50d1cbac27 -> 
  custom:video-encoder-webm-vp8: eb34c28f22e8b96e1ab97ce403110664 -> 
  custom:framework-osx-AVFoundation: e770b220cccbd017edd2c1fefb359320 -> 
  custom:video-decoder-webm-vp8: 9c59270c3fd7afecdb556c50c9e8de78 -> 
  custom:audio-decoder-ogg-vorbis: bf7c407c2cedff20999df2af8eb42d56 -> 
  custom:audio-encoder-webm-vorbis: bf7c407c2cedff20999df2af8eb42d56 -> 
========================================================================
Received Prepare
Registering precompiled user dll's ...
Registered in 0.002211 seconds.
Begin MonoManager ReloadAssembly
Symbol file LoadedFromMemory doesn't match image /Users/yalinisenthilkumar/Desktop/Desktop/vgd-6457/demo/Library/PackageCache/com.unity.visualscripting@1.7.6/Editor/VisualScripting.Core/Dependencies/YamlDotNet/Unity.VisualScripting.YamlDotNet.dll
Symbol file LoadedFromMemory doesn't match image /Users/yalinisenthilkumar/Desktop/Desktop/vgd-6457/demo/Library/PackageCache/com.unity.visualscripting@1.7.6/Editor/VisualScripting.Core/Dependencies/DotNetZip/Unity.VisualScripting.IonicZip.dll
Native extension for WindowsStandalone target not found
Native extension for OSXStandalone target not found
Refreshing native plugins compatible for Editor in 1.05 ms, found 2 plugins.
Preloading 0 native plugins for Editor in 0.00 ms.
2022-07-06 23:05:40.786 Unity[62546:2885299] NSEventModifierFlagFunction specified to -setKeyEquivalentModifierMask: for item <NSMenuItem: 0x6000013cb5d0 Font Asset, ke='Command-F12'>, but is only supported for system-provided menu items; will not be used
Mono: successfully reloaded assembly
- Completed reload, in  2.465 seconds
Domain Reload Profiling:
	ReloadAssembly (2466ms)
		BeginReloadAssembly (196ms)
			ExecutionOrderSort (0ms)
			DisableScriptedObjects (22ms)
			BackupInstance (0ms)
			ReleaseScriptingObjects (0ms)
			CreateAndSetChildDomain (70ms)
		EndReloadAssembly (2188ms)
			LoadAssemblies (161ms)
			RebuildTransferFunctionScriptingTraits (0ms)
			SetupTypeCache (435ms)
			ReleaseScriptCaches (2ms)
			RebuildScriptCaches (51ms)
			SetupLoadedEditorAssemblies (1108ms)
				LogAssemblyErrors (0ms)
				InitializePlatformSupportModulesInManaged (10ms)
				SetLoadedEditorAssemblies (1ms)
				RefreshPlugins (1ms)
				BeforeProcessingInitializeOnLoad (179ms)
				ProcessInitializeOnLoadAttributes (783ms)
				ProcessInitializeOnLoadMethodAttributes (132ms)
				AfterProcessingInitializeOnLoad (1ms)
				EditorAssembliesLoaded (0ms)
			ExecutionOrderSort2 (0ms)
			AwakeInstancesAfterBackupRestoration (41ms)
Platform modules already initialized, skipping
Refreshing native plugins compatible for Editor in 1.09 ms, found 2 plugins.
Preloading 0 native plugins for Editor in 0.00 ms.
Unloading 4967 Unused Serialized files (Serialized files now loaded: 0)
System memory in use before: 384.1 MB.
System memory in use after: 384.0 MB.

Unloading 21 unused Assets to reduce memory usage. Loaded Objects now: 5709.
Total: 3.124791 ms (FindLiveObjects: 0.226500 ms CreateObjectMapping: 0.141125 ms MarkObjects: 2.322583 ms  DeleteObjects: 0.433917 ms)

AssetImportParameters requested are different than current active one (requested -> active):
  custom:video-decoder-ogg-theora: a1e56fd34408186e4bbccfd4996cb3dc -> 
  custom:container-muxer-webm: aa71ff27fc2769a1b78a27578f13a17b -> 
  custom:container-demuxer-webm: 4f35f7cbe854078d1ac9338744f61a02 -> 
  custom:container-demuxer-ogg: 62fdf1f143b41e24485cea50d1cbac27 -> 
  custom:video-encoder-webm-vp8: eb34c28f22e8b96e1ab97ce403110664 -> 
  custom:framework-osx-AVFoundation: e770b220cccbd017edd2c1fefb359320 -> 
  custom:video-decoder-webm-vp8: 9c59270c3fd7afecdb556c50c9e8de78 -> 
  custom:audio-decoder-ogg-vorbis: bf7c407c2cedff20999df2af8eb42d56 -> 
  custom:audio-encoder-webm-vorbis: bf7c407c2cedff20999df2af8eb42d56 -> 
